{"D:\\Nodejs46\\Expressjs\\src\\common\\constant\\app.constant.js": {"path":"D:\\Nodejs46\\Expressjs\\src\\common\\constant\\app.constant.js","statementMap":{"0":{"start":{"line":2,"column":28},"end":{"line":2,"column":52}},"1":{"start":{"line":3,"column":35},"end":{"line":3,"column":66}},"2":{"start":{"line":4,"column":36},"end":{"line":4,"column":68}},"3":{"start":{"line":5,"column":36},"end":{"line":5,"column":68}},"4":{"start":{"line":6,"column":37},"end":{"line":6,"column":70}},"5":{"start":{"line":8,"column":27},"end":{"line":8,"column":86}},"6":{"start":{"line":10,"column":0},"end":{"line":16,"column":3}}},"fnMap":{},"branchMap":{},"s":{"0":1,"1":1,"2":1,"3":1,"4":1,"5":1,"6":1},"f":{},"b":{},"_coverageSchema":"1a1c01bbd47fc00a2c39e90264f33305004495a9","hash":"65d29c3922853d18365d009f649aaa965cb5fcdd"}
,"D:\\Nodejs46\\Expressjs\\src\\common\\helpers\\error.helper.js": {"path":"D:\\Nodejs46\\Expressjs\\src\\common\\helpers\\error.helper.js","statementMap":{"0":{"start":{"line":4,"column":27},"end":{"line":19,"column":1}},"1":{"start":{"line":5,"column":2},"end":{"line":5,"column":23}},"2":{"start":{"line":10,"column":2},"end":{"line":12,"column":3}},"3":{"start":{"line":11,"column":4},"end":{"line":11,"column":19}},"4":{"start":{"line":13,"column":2},"end":{"line":15,"column":3}},"5":{"start":{"line":14,"column":4},"end":{"line":14,"column":19}},"6":{"start":{"line":17,"column":18},"end":{"line":17,"column":65}},"7":{"start":{"line":18,"column":2},"end":{"line":18,"column":41}},"8":{"start":{"line":23,"column":4},"end":{"line":23,"column":19}},"9":{"start":{"line":24,"column":4},"end":{"line":24,"column":20}},"10":{"start":{"line":30,"column":4},"end":{"line":30,"column":19}},"11":{"start":{"line":31,"column":4},"end":{"line":31,"column":20}},"12":{"start":{"line":37,"column":4},"end":{"line":37,"column":19}},"13":{"start":{"line":38,"column":4},"end":{"line":38,"column":20}}},"fnMap":{"0":{"name":"(anonymous_0)","decl":{"start":{"line":4,"column":27},"end":{"line":4,"column":28}},"loc":{"start":{"line":4,"column":52},"end":{"line":19,"column":1}},"line":4},"1":{"name":"(anonymous_1)","decl":{"start":{"line":22,"column":2},"end":{"line":22,"column":3}},"loc":{"start":{"line":22,"column":47},"end":{"line":25,"column":3}},"line":22},"2":{"name":"(anonymous_2)","decl":{"start":{"line":29,"column":2},"end":{"line":29,"column":3}},"loc":{"start":{"line":29,"column":46},"end":{"line":32,"column":3}},"line":29},"3":{"name":"(anonymous_3)","decl":{"start":{"line":36,"column":2},"end":{"line":36,"column":3}},"loc":{"start":{"line":36,"column":52},"end":{"line":39,"column":3}},"line":36}},"branchMap":{"0":{"loc":{"start":{"line":10,"column":2},"end":{"line":12,"column":3}},"type":"if","locations":[{"start":{"line":10,"column":2},"end":{"line":12,"column":3}},{"start":{},"end":{}}],"line":10},"1":{"loc":{"start":{"line":13,"column":2},"end":{"line":15,"column":3}},"type":"if","locations":[{"start":{"line":13,"column":2},"end":{"line":15,"column":3}},{"start":{},"end":{}}],"line":13},"2":{"loc":{"start":{"line":22,"column":14},"end":{"line":22,"column":45}},"type":"default-arg","locations":[{"start":{"line":22,"column":24},"end":{"line":22,"column":45}}],"line":22},"3":{"loc":{"start":{"line":29,"column":14},"end":{"line":29,"column":44}},"type":"default-arg","locations":[{"start":{"line":29,"column":24},"end":{"line":29,"column":44}}],"line":29},"4":{"loc":{"start":{"line":36,"column":14},"end":{"line":36,"column":50}},"type":"default-arg","locations":[{"start":{"line":36,"column":24},"end":{"line":36,"column":50}}],"line":36}},"s":{"0":1,"1":0,"2":0,"3":0,"4":0,"5":0,"6":0,"7":0,"8":0,"9":0,"10":0,"11":0,"12":0,"13":0},"f":{"0":0,"1":0,"2":0,"3":0},"b":{"0":[0,0],"1":[0,0],"2":[0],"3":[0],"4":[0]},"_coverageSchema":"1a1c01bbd47fc00a2c39e90264f33305004495a9","hash":"9107e081873bec07d0d886b7fca1e49d2aec6b99"}
,"D:\\Nodejs46\\Expressjs\\src\\common\\helpers\\response.helper.js": {"path":"D:\\Nodejs46\\Expressjs\\src\\common\\helpers\\response.helper.js","statementMap":{"0":{"start":{"line":1,"column":31},"end":{"line":10,"column":1}},"1":{"start":{"line":2,"column":2},"end":{"line":2,"column":42}},"2":{"start":{"line":2,"column":31},"end":{"line":2,"column":42}},"3":{"start":{"line":3,"column":2},"end":{"line":9,"column":4}},"4":{"start":{"line":13,"column":29},"end":{"line":21,"column":1}},"5":{"start":{"line":14,"column":2},"end":{"line":14,"column":42}},"6":{"start":{"line":14,"column":31},"end":{"line":14,"column":42}},"7":{"start":{"line":15,"column":2},"end":{"line":20,"column":3}}},"fnMap":{"0":{"name":"(anonymous_0)","decl":{"start":{"line":1,"column":31},"end":{"line":1,"column":32}},"loc":{"start":{"line":1,"column":80},"end":{"line":10,"column":1}},"line":1},"1":{"name":"(anonymous_1)","decl":{"start":{"line":13,"column":29},"end":{"line":13,"column":30}},"loc":{"start":{"line":13,"column":94},"end":{"line":21,"column":1}},"line":13}},"branchMap":{"0":{"loc":{"start":{"line":1,"column":32},"end":{"line":1,"column":47}},"type":"default-arg","locations":[{"start":{"line":1,"column":43},"end":{"line":1,"column":47}}],"line":1},"1":{"loc":{"start":{"line":1,"column":49},"end":{"line":1,"column":63}},"type":"default-arg","locations":[{"start":{"line":1,"column":59},"end":{"line":1,"column":63}}],"line":1},"2":{"loc":{"start":{"line":1,"column":65},"end":{"line":1,"column":75}},"type":"default-arg","locations":[{"start":{"line":1,"column":72},"end":{"line":1,"column":75}}],"line":1},"3":{"loc":{"start":{"line":2,"column":2},"end":{"line":2,"column":42}},"type":"if","locations":[{"start":{"line":2,"column":2},"end":{"line":2,"column":42}},{"start":{},"end":{}}],"line":2},"4":{"loc":{"start":{"line":13,"column":30},"end":{"line":13,"column":63}},"type":"default-arg","locations":[{"start":{"line":13,"column":40},"end":{"line":13,"column":63}}],"line":13},"5":{"loc":{"start":{"line":13,"column":65},"end":{"line":13,"column":75}},"type":"default-arg","locations":[{"start":{"line":13,"column":72},"end":{"line":13,"column":75}}],"line":13},"6":{"loc":{"start":{"line":13,"column":77},"end":{"line":13,"column":89}},"type":"default-arg","locations":[{"start":{"line":13,"column":85},"end":{"line":13,"column":89}}],"line":13},"7":{"loc":{"start":{"line":14,"column":2},"end":{"line":14,"column":42}},"type":"if","locations":[{"start":{"line":14,"column":2},"end":{"line":14,"column":42}},{"start":{},"end":{}}],"line":14}},"s":{"0":1,"1":0,"2":0,"3":0,"4":1,"5":0,"6":0,"7":0},"f":{"0":0,"1":0},"b":{"0":[0],"1":[0],"2":[0],"3":[0,0],"4":[0],"5":[0],"6":[0],"7":[0,0]},"_coverageSchema":"1a1c01bbd47fc00a2c39e90264f33305004495a9","hash":"8a4a14147fdae1906818666976bab1e4b0bb5ca6"}
,"D:\\Nodejs46\\Expressjs\\src\\common\\nodemailer\\send-mail.nodemailer.js": {"path":"D:\\Nodejs46\\Expressjs\\src\\common\\nodemailer\\send-mail.nodemailer.js","statementMap":{"0":{"start":{"line":2,"column":20},"end":{"line":10,"column":2}},"1":{"start":{"line":15,"column":15},"end":{"line":21,"column":4}},"2":{"start":{"line":23,"column":2},"end":{"line":23,"column":50}}},"fnMap":{"0":{"name":"sendMail","decl":{"start":{"line":13,"column":15},"end":{"line":13,"column":23}},"loc":{"start":{"line":13,"column":31},"end":{"line":25,"column":1}},"line":13}},"branchMap":{},"s":{"0":1,"1":1,"2":0},"f":{"0":1},"b":{},"_coverageSchema":"1a1c01bbd47fc00a2c39e90264f33305004495a9","hash":"e6b5ee973efe1cd0f86c57030794fd63a6ae4eda"}
,"D:\\Nodejs46\\Expressjs\\src\\common\\prisma\\init.prisma.js": {"path":"D:\\Nodejs46\\Expressjs\\src\\common\\prisma\\init.prisma.js","statementMap":{"0":{"start":{"line":3,"column":15},"end":{"line":3,"column":33}}},"fnMap":{},"branchMap":{},"s":{"0":1},"f":{},"b":{},"_coverageSchema":"1a1c01bbd47fc00a2c39e90264f33305004495a9","hash":"ae36adc40155bd48cc0aa4b89160cbaf81d6e63b"}
,"D:\\Nodejs46\\Expressjs\\src\\services\\auth.service.js": {"path":"D:\\Nodejs46\\Expressjs\\src\\services\\auth.service.js","statementMap":{"0":{"start":{"line":8,"column":20},"end":{"line":171,"column":1}},"1":{"start":{"line":12,"column":46},"end":{"line":12,"column":54}},"2":{"start":{"line":16,"column":25},"end":{"line":20,"column":8}},"3":{"start":{"line":24,"column":6},"end":{"line":26,"column":7}},"4":{"start":{"line":25,"column":9},"end":{"line":25,"column":83}},"5":{"start":{"line":29,"column":23},"end":{"line":29,"column":53}},"6":{"start":{"line":32,"column":22},"end":{"line":38,"column":8}},"7":{"start":{"line":41,"column":6},"end":{"line":41,"column":31}},"8":{"start":{"line":46,"column":6},"end":{"line":48,"column":10}},"9":{"start":{"line":47,"column":9},"end":{"line":47,"column":45}},"10":{"start":{"line":51,"column":6},"end":{"line":51,"column":21}},"11":{"start":{"line":54,"column":35},"end":{"line":54,"column":43}},"12":{"start":{"line":55,"column":6},"end":{"line":55,"column":40}},"13":{"start":{"line":57,"column":25},"end":{"line":61,"column":8}},"14":{"start":{"line":63,"column":6},"end":{"line":65,"column":7}},"15":{"start":{"line":64,"column":9},"end":{"line":64,"column":83}},"16":{"start":{"line":67,"column":6},"end":{"line":75,"column":7}},"17":{"start":{"line":68,"column":9},"end":{"line":70,"column":10}},"18":{"start":{"line":69,"column":12},"end":{"line":69,"column":98}},"19":{"start":{"line":71,"column":9},"end":{"line":73,"column":10}},"20":{"start":{"line":72,"column":12},"end":{"line":72,"column":96}},"21":{"start":{"line":74,"column":9},"end":{"line":74,"column":92}},"22":{"start":{"line":78,"column":25},"end":{"line":78,"column":76}},"23":{"start":{"line":79,"column":6},"end":{"line":81,"column":7}},"24":{"start":{"line":80,"column":9},"end":{"line":80,"column":67}},"25":{"start":{"line":83,"column":21},"end":{"line":83,"column":65}},"26":{"start":{"line":85,"column":6},"end":{"line":85,"column":20}},"27":{"start":{"line":88,"column":27},"end":{"line":88,"column":67}},"28":{"start":{"line":89,"column":4},"end":{"line":91,"column":7}},"29":{"start":{"line":90,"column":6},"end":{"line":90,"column":87}},"30":{"start":{"line":93,"column":26},"end":{"line":93,"column":55}},"31":{"start":{"line":94,"column":6},"end":{"line":96,"column":7}},"32":{"start":{"line":95,"column":9},"end":{"line":95,"column":90}},"33":{"start":{"line":98,"column":6},"end":{"line":101,"column":8}},"34":{"start":{"line":103,"column":33},"end":{"line":103,"column":79}},"35":{"start":{"line":105,"column":32},"end":{"line":105,"column":102}},"36":{"start":{"line":107,"column":6},"end":{"line":110,"column":9}},"37":{"start":{"line":112,"column":6},"end":{"line":114,"column":7}},"38":{"start":{"line":113,"column":9},"end":{"line":113,"column":69}},"39":{"start":{"line":116,"column":25},"end":{"line":120,"column":8}},"40":{"start":{"line":122,"column":6},"end":{"line":122,"column":80}},"41":{"start":{"line":122,"column":23},"end":{"line":122,"column":80}},"42":{"start":{"line":124,"column":21},"end":{"line":124,"column":65}},"43":{"start":{"line":126,"column":6},"end":{"line":126,"column":20}},"44":{"start":{"line":159,"column":6},"end":{"line":159,"column":81}},"45":{"start":{"line":159,"column":19},"end":{"line":159,"column":81}},"46":{"start":{"line":161,"column":26},"end":{"line":161,"column":112}},"47":{"start":{"line":163,"column":27},"end":{"line":163,"column":115}},"48":{"start":{"line":165,"column":6},"end":{"line":169,"column":8}}},"fnMap":{"0":{"name":"(anonymous_0)","decl":{"start":{"line":10,"column":13},"end":{"line":10,"column":14}},"loc":{"start":{"line":10,"column":28},"end":{"line":52,"column":4}},"line":10},"1":{"name":"(anonymous_1)","decl":{"start":{"line":46,"column":55},"end":{"line":46,"column":56}},"loc":{"start":{"line":46,"column":64},"end":{"line":48,"column":8}},"line":46},"2":{"name":"(anonymous_2)","decl":{"start":{"line":53,"column":10},"end":{"line":53,"column":11}},"loc":{"start":{"line":53,"column":25},"end":{"line":86,"column":4}},"line":53},"3":{"name":"(anonymous_3)","decl":{"start":{"line":87,"column":17},"end":{"line":87,"column":18}},"loc":{"start":{"line":87,"column":32},"end":{"line":127,"column":4}},"line":87},"4":{"name":"(anonymous_4)","decl":{"start":{"line":158,"column":17},"end":{"line":158,"column":18}},"loc":{"start":{"line":158,"column":29},"end":{"line":170,"column":4}},"line":158}},"branchMap":{"0":{"loc":{"start":{"line":24,"column":6},"end":{"line":26,"column":7}},"type":"if","locations":[{"start":{"line":24,"column":6},"end":{"line":26,"column":7}},{"start":{},"end":{}}],"line":24},"1":{"loc":{"start":{"line":63,"column":6},"end":{"line":65,"column":7}},"type":"if","locations":[{"start":{"line":63,"column":6},"end":{"line":65,"column":7}},{"start":{},"end":{}}],"line":63},"2":{"loc":{"start":{"line":67,"column":6},"end":{"line":75,"column":7}},"type":"if","locations":[{"start":{"line":67,"column":6},"end":{"line":75,"column":7}},{"start":{},"end":{}}],"line":67},"3":{"loc":{"start":{"line":68,"column":9},"end":{"line":70,"column":10}},"type":"if","locations":[{"start":{"line":68,"column":9},"end":{"line":70,"column":10}},{"start":{},"end":{}}],"line":68},"4":{"loc":{"start":{"line":71,"column":9},"end":{"line":73,"column":10}},"type":"if","locations":[{"start":{"line":71,"column":9},"end":{"line":73,"column":10}},{"start":{},"end":{}}],"line":71},"5":{"loc":{"start":{"line":79,"column":6},"end":{"line":81,"column":7}},"type":"if","locations":[{"start":{"line":79,"column":6},"end":{"line":81,"column":7}},{"start":{},"end":{}}],"line":79},"6":{"loc":{"start":{"line":89,"column":4},"end":{"line":91,"column":7}},"type":"if","locations":[{"start":{"line":89,"column":4},"end":{"line":91,"column":7}},{"start":{},"end":{}}],"line":89},"7":{"loc":{"start":{"line":94,"column":6},"end":{"line":96,"column":7}},"type":"if","locations":[{"start":{"line":94,"column":6},"end":{"line":96,"column":7}},{"start":{},"end":{}}],"line":94},"8":{"loc":{"start":{"line":112,"column":6},"end":{"line":114,"column":7}},"type":"if","locations":[{"start":{"line":112,"column":6},"end":{"line":114,"column":7}},{"start":{},"end":{}}],"line":112},"9":{"loc":{"start":{"line":122,"column":6},"end":{"line":122,"column":80}},"type":"if","locations":[{"start":{"line":122,"column":6},"end":{"line":122,"column":80}},{"start":{},"end":{}}],"line":122},"10":{"loc":{"start":{"line":159,"column":6},"end":{"line":159,"column":81}},"type":"if","locations":[{"start":{"line":159,"column":6},"end":{"line":159,"column":81}},{"start":{},"end":{}}],"line":159}},"s":{"0":1,"1":1,"2":1,"3":1,"4":0,"5":1,"6":1,"7":1,"8":1,"9":0,"10":1,"11":0,"12":0,"13":0,"14":0,"15":0,"16":0,"17":0,"18":0,"19":0,"20":0,"21":0,"22":0,"23":0,"24":0,"25":0,"26":0,"27":0,"28":0,"29":0,"30":0,"31":0,"32":0,"33":0,"34":0,"35":0,"36":0,"37":0,"38":0,"39":0,"40":0,"41":0,"42":0,"43":0,"44":0,"45":0,"46":0,"47":0,"48":0},"f":{"0":1,"1":0,"2":0,"3":0,"4":0},"b":{"0":[0,1],"1":[0,0],"2":[0,0],"3":[0,0],"4":[0,0],"5":[0,0],"6":[0,0],"7":[0,0],"8":[0,0],"9":[0,0],"10":[0,0]},"_coverageSchema":"1a1c01bbd47fc00a2c39e90264f33305004495a9","hash":"ff51dbe7204a827054b07f37ecb8a63fbbb651b7"}
}
