TN:
SF:src\common\constant\app.constant.js
FNF:0
FNH:0
DA:2,1
DA:3,1
DA:4,1
DA:5,1
DA:6,1
DA:8,1
DA:10,1
LF:7
LH:7
BRF:0
BRH:0
end_of_record
TN:
SF:src\common\helpers\error.helper.js
FN:4,(anonymous_0)
FN:22,(anonymous_1)
FN:29,(anonymous_2)
FN:36,(anonymous_3)
FNF:4
FNH:0
FNDA:0,(anonymous_0)
FNDA:0,(anonymous_1)
FNDA:0,(anonymous_2)
FNDA:0,(anonymous_3)
DA:4,1
DA:5,0
DA:10,0
DA:11,0
DA:13,0
DA:14,0
DA:17,0
DA:18,0
DA:23,0
DA:24,0
DA:30,0
DA:31,0
DA:37,0
DA:38,0
LF:14
LH:1
BRDA:10,0,0,0
BRDA:10,0,1,0
BRDA:13,1,0,0
BRDA:13,1,1,0
BRDA:22,2,0,0
BRDA:29,3,0,0
BRDA:36,4,0,0
BRF:7
BRH:0
end_of_record
TN:
SF:src\common\helpers\response.helper.js
FN:1,(anonymous_0)
FN:13,(anonymous_1)
FNF:2
FNH:0
FNDA:0,(anonymous_0)
FNDA:0,(anonymous_1)
DA:1,1
DA:2,0
DA:3,0
DA:13,1
DA:14,0
DA:15,0
LF:6
LH:2
BRDA:1,0,0,0
BRDA:1,1,0,0
BRDA:1,2,0,0
BRDA:2,3,0,0
BRDA:2,3,1,0
BRDA:13,4,0,0
BRDA:13,5,0,0
BRDA:13,6,0,0
BRDA:14,7,0,0
BRDA:14,7,1,0
BRF:10
BRH:0
end_of_record
TN:
SF:src\common\nodemailer\send-mail.nodemailer.js
FN:13,sendMail
FNF:1
FNH:1
FNDA:1,sendMail
DA:2,1
DA:15,1
DA:23,0
LF:3
LH:2
BRF:0
BRH:0
end_of_record
TN:
SF:src\common\prisma\init.prisma.js
FNF:0
FNH:0
DA:3,1
LF:1
LH:1
BRF:0
BRH:0
end_of_record
TN:
SF:src\services\auth.service.js
FN:10,(anonymous_0)
FN:46,(anonymous_1)
FN:53,(anonymous_2)
FN:87,(anonymous_3)
FN:158,(anonymous_4)
FNF:5
FNH:1
FNDA:1,(anonymous_0)
FNDA:0,(anonymous_1)
FNDA:0,(anonymous_2)
FNDA:0,(anonymous_3)
FNDA:0,(anonymous_4)
DA:8,1
DA:12,1
DA:16,1
DA:24,1
DA:25,0
DA:29,1
DA:32,1
DA:41,1
DA:46,1
DA:47,0
DA:51,1
DA:54,0
DA:55,0
DA:57,0
DA:63,0
DA:64,0
DA:67,0
DA:68,0
DA:69,0
DA:71,0
DA:72,0
DA:74,0
DA:78,0
DA:79,0
DA:80,0
DA:83,0
DA:85,0
DA:88,0
DA:89,0
DA:90,0
DA:93,0
DA:94,0
DA:95,0
DA:98,0
DA:103,0
DA:105,0
DA:107,0
DA:112,0
DA:113,0
DA:116,0
DA:122,0
DA:124,0
DA:126,0
DA:159,0
DA:161,0
DA:163,0
DA:165,0
LF:47
LH:9
BRDA:24,0,0,0
BRDA:24,0,1,1
BRDA:63,1,0,0
BRDA:63,1,1,0
BRDA:67,2,0,0
BRDA:67,2,1,0
BRDA:68,3,0,0
BRDA:68,3,1,0
BRDA:71,4,0,0
BRDA:71,4,1,0
BRDA:79,5,0,0
BRDA:79,5,1,0
BRDA:89,6,0,0
BRDA:89,6,1,0
BRDA:94,7,0,0
BRDA:94,7,1,0
BRDA:112,8,0,0
BRDA:112,8,1,0
BRDA:122,9,0,0
BRDA:122,9,1,0
BRDA:159,10,0,0
BRDA:159,10,1,0
BRF:22
BRH:1
end_of_record
